<?xml version="1.0" encoding="UTF-8"?>
<!-- Generated by org.testng.reporters.JUnitReportReporter -->
<testsuite hostname="TRSEUISTMAC045.local" failures="0" tests="1" name="FirstTest" time="2.167" errors="0" timestamp="25 Jan 2019 05:50:47 GMT" skipped="0">
  <testcase classname="FirstTest" name="Deneme" time="2.167"/>
</testsuite> <!-- FirstTest -->
