<?xml version="1.0" encoding="UTF-8"?>
<!-- Generated by org.testng.reporters.JUnitReportReporter -->
<testsuite hostname="TRSEUISTMAC045.local" failures="0" tests="1" name="FirstTest" time="2.432" errors="0" timestamp="25 Jan 2019 06:14:44 GMT" skipped="0">
  <testcase classname="FirstTest" name="Deneme" time="2.432"/>
</testsuite> <!-- FirstTest -->
